<?xml version="1.0" encoding="UTF-8"?>
<!-- Generated by org.testng.reporters.JUnitReportReporter -->
<testsuite skipped="2" hostname="Is-MacBook-Pro" name="com.qa.hotels.tests.FourStarsTestPage" tests="2" failures="0" timestamp="2020-08-03T09:31:40 CDT" time="0.000" errors="0">
  <testcase name="verifyFourStarsTest" time="0.000" classname="com.qa.hotels.tests.FourStarsTestPage">
    <skipped/>
  </testcase> <!-- verifyFourStarsTest -->
  <system-out/>
  <testcase name="verifyIsFour" time="0.000" classname="com.qa.hotels.tests.FourStarsTestPage">
    <skipped/>
  </testcase> <!-- verifyIsFour -->
  <system-out/>
</testsuite> <!-- com.qa.hotels.tests.FourStarsTestPage -->
