<?xml version="1.0" encoding="UTF-8"?>
<!-- Generated by org.testng.reporters.JUnitReportReporter -->
<testsuite skipped="1" hostname="Is-MacBook-Pro" name="com.qa.hotels.tests.ThreeStarsHiltonTestPage" tests="1" failures="0" timestamp="2020-08-03T09:31:40 CDT" time="0.000" errors="0">
  <testcase name="verifyIsHiltonThree" time="0.000" classname="com.qa.hotels.tests.ThreeStarsHiltonTestPage">
    <skipped/>
  </testcase> <!-- verifyIsHiltonThree -->
  <system-out/>
</testsuite> <!-- com.qa.hotels.tests.ThreeStarsHiltonTestPage -->
