<?xml version="1.0" encoding="UTF-8"?>
<!-- Generated by org.testng.reporters.JUnitReportReporter -->
<testsuite skipped="0" hostname="Is-MacBook-Pro" name="com.qa.hotels.tests.ThreeStarsTestPage" tests="2" failures="0" timestamp="2020-08-03T22:13:15 CDT" time="34.741" errors="0">
  <testcase name="verifyThreeStarSizeTest" time="0.156" classname="com.qa.hotels.tests.ThreeStarsTestPage"/>
  <system-out/>
  <testcase name="verifyIsThree" time="34.585" classname="com.qa.hotels.tests.ThreeStarsTestPage"/>
  <system-out/>
</testsuite> <!-- com.qa.hotels.tests.ThreeStarsTestPage -->
