<?xml version="1.0" encoding="UTF-8"?>
<!-- Generated by org.testng.reporters.JUnitReportReporter -->
<testsuite skipped="2" hostname="Is-MacBook-Pro" name="com.qa.hotels.tests.MainPageTest" tests="2" failures="0" timestamp="2020-08-03T15:45:01 CDT" time="0.000" errors="0">
  <testcase name="verifyMainPageTitle" time="0.000" classname="com.qa.hotels.tests.MainPageTest">
    <skipped/>
  </testcase> <!-- verifyMainPageTitle -->
  <system-out/>
  <testcase name="verifySelectRequeriments" time="0.000" classname="com.qa.hotels.tests.MainPageTest">
    <skipped/>
  </testcase> <!-- verifySelectRequeriments -->
  <system-out/>
</testsuite> <!-- com.qa.hotels.tests.MainPageTest -->
