<?xml version="1.0" encoding="UTF-8"?>
<!-- Generated by org.testng.reporters.JUnitReportReporter -->
<testsuite skipped="2" hostname="Is-MacBook-Pro" name="com.qa.hotels.tests.FiveStarsTestPage" tests="2" failures="0" timestamp="2020-08-03T09:31:40 CDT" time="0.000" errors="0">
  <testcase name="verifyFiveStarsTest" time="0.000" classname="com.qa.hotels.tests.FiveStarsTestPage">
    <skipped/>
  </testcase> <!-- verifyFiveStarsTest -->
  <system-out/>
  <testcase name="verifyIsFive" time="0.000" classname="com.qa.hotels.tests.FiveStarsTestPage">
    <skipped/>
  </testcase> <!-- verifyIsFive -->
  <system-out/>
</testsuite> <!-- com.qa.hotels.tests.FiveStarsTestPage -->
